[DEBUG][20180412 09:52:17,511][MyDispatcherServlet:50] MyDispatcherServlet init..
[DEBUG][20180412 09:52:56,601][MyDispatcherServlet:50] MyDispatcherServlet init..
[DEBUG][20180412 10:07:13,130][MyDispatcherServlet:48] MyDispatcherServlet init..
[DEBUG][20180412 10:08:51,238][MyDispatcherServlet:48] MyDispatcherServlet init..
[DEBUG][20180412 10:10:05,382][MyDispatcherServlet:48] MyDispatcherServlet init..
[DEBUG][20180412 10:35:59,350][MyDispatcherServlet:49] MyDispatcherServlet init..
[DEBUG][20180412 10:46:13,485][MyDispatcherServlet:49] MyDispatcherServlet init..
[DEBUG][20180412 10:49:04,131][UserInfoServiceImpl:40] get user success..
[ERROR][20180412 10:49:04,131][MyDispatcherServlet:270] 调用出错..
java.lang.reflect.InvocationTargetException
	at sun.reflect.NativeMethodAccessorImpl.invoke0(Native Method)
	at sun.reflect.NativeMethodAccessorImpl.invoke(NativeMethodAccessorImpl.java:62)
	at sun.reflect.DelegatingMethodAccessorImpl.invoke(DelegatingMethodAccessorImpl.java:43)
	at java.lang.reflect.Method.invoke(Method.java:498)
	at com.bizideal.mn.core.MyDispatcherServlet.doInvoke(MyDispatcherServlet.java:267)
	at com.bizideal.mn.core.MyDispatcherServlet.doPost(MyDispatcherServlet.java:243)
	at com.bizideal.mn.core.MyDispatcherServlet.doGet(MyDispatcherServlet.java:238)
	at javax.servlet.http.HttpServlet.service(HttpServlet.java:621)
	at javax.servlet.http.HttpServlet.service(HttpServlet.java:728)
	at org.apache.catalina.core.ApplicationFilterChain.internalDoFilter(ApplicationFilterChain.java:305)
	at org.apache.catalina.core.ApplicationFilterChain.doFilter(ApplicationFilterChain.java:210)
	at org.apache.tomcat.websocket.server.WsFilter.doFilter(WsFilter.java:51)
	at org.apache.catalina.core.ApplicationFilterChain.internalDoFilter(ApplicationFilterChain.java:243)
	at org.apache.catalina.core.ApplicationFilterChain.doFilter(ApplicationFilterChain.java:210)
	at org.apache.catalina.core.StandardWrapperValve.invoke(StandardWrapperValve.java:222)
	at org.apache.catalina.core.StandardContextValve.invoke(StandardContextValve.java:123)
	at org.apache.catalina.authenticator.AuthenticatorBase.invoke(AuthenticatorBase.java:502)
	at org.apache.catalina.core.StandardHostValve.invoke(StandardHostValve.java:171)
	at org.apache.catalina.valves.ErrorReportValve.invoke(ErrorReportValve.java:100)
	at org.apache.catalina.valves.AccessLogValve.invoke(AccessLogValve.java:953)
	at org.apache.catalina.core.StandardEngineValve.invoke(StandardEngineValve.java:118)
	at org.apache.catalina.connector.CoyoteAdapter.service(CoyoteAdapter.java:408)
	at org.apache.coyote.http11.AbstractHttp11Processor.process(AbstractHttp11Processor.java:1041)
	at org.apache.coyote.AbstractProtocol$AbstractConnectionHandler.process(AbstractProtocol.java:603)
	at org.apache.tomcat.util.net.JIoEndpoint$SocketProcessor.run(JIoEndpoint.java:312)
	at java.util.concurrent.ThreadPoolExecutor.runWorker(ThreadPoolExecutor.java:1142)
	at java.util.concurrent.ThreadPoolExecutor$Worker.run(ThreadPoolExecutor.java:617)
	at java.lang.Thread.run(Thread.java:745)
Caused by: java.lang.NullPointerException
	at com.bizideal.mn.controller.UserInfoController.out(UserInfoController.java:44)
	at com.bizideal.mn.controller.UserInfoController.getUser(UserInfoController.java:39)
	... 28 more
[DEBUG][20180412 10:49:46,718][UserInfoServiceImpl:40] get user success..
[ERROR][20180412 10:49:49,941][MyDispatcherServlet:270] 调用出错..
java.lang.reflect.InvocationTargetException
	at sun.reflect.NativeMethodAccessorImpl.invoke0(Native Method)
	at sun.reflect.NativeMethodAccessorImpl.invoke(NativeMethodAccessorImpl.java:62)
	at sun.reflect.DelegatingMethodAccessorImpl.invoke(DelegatingMethodAccessorImpl.java:43)
	at java.lang.reflect.Method.invoke(Method.java:498)
	at com.bizideal.mn.core.MyDispatcherServlet.doInvoke(MyDispatcherServlet.java:267)
	at com.bizideal.mn.core.MyDispatcherServlet.doPost(MyDispatcherServlet.java:243)
	at com.bizideal.mn.core.MyDispatcherServlet.doGet(MyDispatcherServlet.java:238)
	at javax.servlet.http.HttpServlet.service(HttpServlet.java:621)
	at javax.servlet.http.HttpServlet.service(HttpServlet.java:728)
	at org.apache.catalina.core.ApplicationFilterChain.internalDoFilter(ApplicationFilterChain.java:305)
	at org.apache.catalina.core.ApplicationFilterChain.doFilter(ApplicationFilterChain.java:210)
	at org.apache.tomcat.websocket.server.WsFilter.doFilter(WsFilter.java:51)
	at org.apache.catalina.core.ApplicationFilterChain.internalDoFilter(ApplicationFilterChain.java:243)
	at org.apache.catalina.core.ApplicationFilterChain.doFilter(ApplicationFilterChain.java:210)
	at org.apache.catalina.core.StandardWrapperValve.invoke(StandardWrapperValve.java:222)
	at org.apache.catalina.core.StandardContextValve.invoke(StandardContextValve.java:123)
	at org.apache.catalina.authenticator.AuthenticatorBase.invoke(AuthenticatorBase.java:502)
	at org.apache.catalina.core.StandardHostValve.invoke(StandardHostValve.java:171)
	at org.apache.catalina.valves.ErrorReportValve.invoke(ErrorReportValve.java:100)
	at org.apache.catalina.valves.AccessLogValve.invoke(AccessLogValve.java:953)
	at org.apache.catalina.core.StandardEngineValve.invoke(StandardEngineValve.java:118)
	at org.apache.catalina.connector.CoyoteAdapter.service(CoyoteAdapter.java:408)
	at org.apache.coyote.http11.AbstractHttp11Processor.process(AbstractHttp11Processor.java:1041)
	at org.apache.coyote.AbstractProtocol$AbstractConnectionHandler.process(AbstractProtocol.java:603)
	at org.apache.tomcat.util.net.JIoEndpoint$SocketProcessor.run(JIoEndpoint.java:312)
	at java.util.concurrent.ThreadPoolExecutor.runWorker(ThreadPoolExecutor.java:1142)
	at java.util.concurrent.ThreadPoolExecutor$Worker.run(ThreadPoolExecutor.java:617)
	at java.lang.Thread.run(Thread.java:745)
Caused by: java.lang.NullPointerException
	at com.bizideal.mn.controller.UserInfoController.out(UserInfoController.java:44)
	at com.bizideal.mn.controller.UserInfoController.getUser(UserInfoController.java:39)
	... 28 more
[DEBUG][20180412 10:51:09,793][MyDispatcherServlet:49] MyDispatcherServlet init..
[DEBUG][20180412 10:51:32,912][UserInfoServiceImpl:40] get user success..
[DEBUG][20180412 10:52:03,737][UserInfoServiceImpl:27] add user success..
[DEBUG][20180412 10:52:26,307][UserInfoServiceImpl:40] get user success..
[DEBUG][20180412 10:53:03,059][MyDispatcherServlet:49] MyDispatcherServlet init..
